Performing C SOURCE FILE Test CMAKE_HAVE_LIBC_PTHREAD failed with the following output:
Change Dir: /home/yasha/YashaKorolev/LabsAYa/lab-01/lab-01-parser/cmake-build-debug/CMakeFiles/CMakeTmp

Run Build Command(s):/usr/bin/make cmTC_bb946/fast && /usr/bin/make -f CMakeFiles/cmTC_bb946.dir/build.make CMakeFiles/cmTC_bb946.dir/build
make[1]: Entering directory '/home/yasha/YashaKorolev/LabsAYa/lab-01/lab-01-parser/cmake-build-debug/CMakeFiles/CMakeTmp'
Building C object CMakeFiles/cmTC_bb946.dir/src.c.o
/usr/bin/cc   -DCMAKE_HAVE_LIBC_PTHREAD   -o CMakeFiles/cmTC_bb946.dir/src.c.o   -c /home/yasha/YashaKorolev/LabsAYa/lab-01/lab-01-parser/cmake-build-debug/CMakeFiles/CMakeTmp/src.c
Linking C executable cmTC_bb946
/home/yasha/.local/share/JetBrains/Toolbox/apps/CLion/ch-0/192.7142.39/bin/cmake/linux/bin/cmake -E cmake_link_script CMakeFiles/cmTC_bb946.dir/link.txt --verbose=1
/usr/bin/cc  -DCMAKE_HAVE_LIBC_PTHREAD    CMakeFiles/cmTC_bb946.dir/src.c.o  -o cmTC_bb946 
/usr/bin/ld: CMakeFiles/cmTC_bb946.dir/src.c.o: in function `main':
src.c:(.text+0x3e): undefined reference to `pthread_create'
/usr/bin/ld: src.c:(.text+0x4a): undefined reference to `pthread_detach'
/usr/bin/ld: src.c:(.text+0x5b): undefined reference to `pthread_join'
collect2: error: ld returned 1 exit status
make[1]: *** [CMakeFiles/cmTC_bb946.dir/build.make:87: cmTC_bb946] Error 1
make[1]: Leaving directory '/home/yasha/YashaKorolev/LabsAYa/lab-01/lab-01-parser/cmake-build-debug/CMakeFiles/CMakeTmp'
make: *** [Makefile:121: cmTC_bb946/fast] Error 2


Source file was:
#include <pthread.h>

void* test_func(void* data)
{
  return data;
}

int main(void)
{
  pthread_t thread;
  pthread_create(&thread, NULL, test_func, NULL);
  pthread_detach(thread);
  pthread_join(thread, NULL);
  pthread_atfork(NULL, NULL, NULL);
  pthread_exit(NULL);

  return 0;
}

Determining if the function pthread_create exists in the pthreads failed with the following output:
Change Dir: /home/yasha/YashaKorolev/LabsAYa/lab-01/lab-01-parser/cmake-build-debug/CMakeFiles/CMakeTmp

Run Build Command(s):/usr/bin/make cmTC_371e8/fast && /usr/bin/make -f CMakeFiles/cmTC_371e8.dir/build.make CMakeFiles/cmTC_371e8.dir/build
make[1]: Entering directory '/home/yasha/YashaKorolev/LabsAYa/lab-01/lab-01-parser/cmake-build-debug/CMakeFiles/CMakeTmp'
Building C object CMakeFiles/cmTC_371e8.dir/CheckFunctionExists.c.o
/usr/bin/cc   -DCHECK_FUNCTION_EXISTS=pthread_create   -o CMakeFiles/cmTC_371e8.dir/CheckFunctionExists.c.o   -c /home/yasha/.local/share/JetBrains/Toolbox/apps/CLion/ch-0/192.7142.39/bin/cmake/linux/share/cmake-3.15/Modules/CheckFunctionExists.c
Linking C executable cmTC_371e8
/home/yasha/.local/share/JetBrains/Toolbox/apps/CLion/ch-0/192.7142.39/bin/cmake/linux/bin/cmake -E cmake_link_script CMakeFiles/cmTC_371e8.dir/link.txt --verbose=1
/usr/bin/cc  -DCHECK_FUNCTION_EXISTS=pthread_create    CMakeFiles/cmTC_371e8.dir/CheckFunctionExists.c.o  -o cmTC_371e8 -lpthreads 
/usr/bin/ld: cannot find -lpthreads
collect2: error: ld returned 1 exit status
make[1]: *** [CMakeFiles/cmTC_371e8.dir/build.make:87: cmTC_371e8] Error 1
make[1]: Leaving directory '/home/yasha/YashaKorolev/LabsAYa/lab-01/lab-01-parser/cmake-build-debug/CMakeFiles/CMakeTmp'
make: *** [Makefile:121: cmTC_371e8/fast] Error 2



